<?xml version="1.0" encoding="UTF-8"?>
<!-- Generated by org.testng.reporters.JUnitReportReporter -->
<testsuite ignored="0" hostname="SIPUs-MacBook-Pro.local" failures="0" tests="1" name="testG.CreateNewGAccountPageTest" time="5.309" errors="0" timestamp="02 Jun 2022 22:19:26 GMT" skipped="0">
  <testcase classname="testG.CreateNewGAccountPageTest" name="CreateNewGAccountPageTest" time="5.309"/>
</testsuite> <!-- testG.CreateNewGAccountPageTest -->
