<?xml version="1.0" encoding="UTF-8"?>
<!-- Generated by org.testng.reporters.JUnitReportReporter -->
<testsuite ignored="0" hostname="SIPUs-MacBook-Pro.local" failures="0" tests="1" name="testG.HomePageTestG" time="2.591" errors="0" timestamp="02 Jun 2022 20:57:47 GMT" skipped="0">
  <testcase classname="testG.HomePageTestG" name="homePageTestG" time="2.591"/>
</testsuite> <!-- testG.HomePageTestG -->
